Using pre-set license
Built from '2020.3/staging' branch; Version is '2020.3.0f1 (c7b5465681fb) revision 13088070'; Using compiler version '192528614'; Build Type 'Release'
OS: 'Windows 10 Home Single Language; OS build 19043.1766; Version 2009; 64bit' Language: 'en' Physical Memory: 8011 MB
BatchMode: 1, IsHumanControllingUs: 0, StartBugReporterOnCrash: 0, Is64bit: 1, IsPro: 0

 COMMAND LINE ARGUMENTS:
C:\Program Files\Unity\Hub\Editor\2020.3.0f1\Editor\Unity.exe
-adb2
-batchMode
-noUpm
-name
AssetImportWorker0
-projectPath
D:/FPT_Uni/Sem7/PRU211m/TankBattle
-logFile
Logs/AssetImportWorker0.log
-srvPort
64187
Successfully changed project path to: D:/FPT_Uni/Sem7/PRU211m/TankBattle
D:/FPT_Uni/Sem7/PRU211m/TankBattle
Using Asset Import Pipeline V2.
Refreshing native plugins compatible for Editor in 48.01 ms, found 1 plugins.
Preloading 0 native plugins for Editor in 0.00 ms.
Initialize engine version: 2020.3.0f1 (c7b5465681fb)
[Subsystems] Discovering subsystems at path C:/Program Files/Unity/Hub/Editor/2020.3.0f1/Editor/Data/Resources/UnitySubsystems
[Subsystems] Discovering subsystems at path D:/FPT_Uni/Sem7/PRU211m/TankBattle/Assets
GfxDevice: creating device client; threaded=0
Direct3D:
    Version:  Direct3D 11.0 [level 11.0]
    Renderer: NVIDIA GeForce 940MX (ID=0x134d)
    Vendor:   
    VRAM:     4055 MB
    Driver:   27.21.14.5167
Initialize mono
Mono path[0] = 'C:/Program Files/Unity/Hub/Editor/2020.3.0f1/Editor/Data/Managed'
Mono path[1] = 'C:/Program Files/Unity/Hub/Editor/2020.3.0f1/Editor/Data/MonoBleedingEdge/lib/mono/unityjit'
Mono config path = 'C:/Program Files/Unity/Hub/Editor/2020.3.0f1/Editor/Data/MonoBleedingEdge/etc'
Using monoOptions --debugger-agent=transport=dt_socket,embedding=1,server=y,suspend=n,address=127.0.0.1:56620
Begin MonoManager ReloadAssembly
Registering precompiled unity dll's ...
Register platform support module: C:/Program Files/Unity/Hub/Editor/2020.3.0f1/Editor/Data/PlaybackEngines/WebGLSupport/UnityEditor.WebGL.Extensions.dll
Register platform support module: C:/Program Files/Unity/Hub/Editor/2020.3.0f1/Editor/Data/PlaybackEngines/WindowsStandaloneSupport/UnityEditor.WindowsStandalone.Extensions.dll
Registered in 0.003373 seconds.
Native extension for WindowsStandalone target not found
Native extension for WebGL target not found
Refreshing native plugins compatible for Editor in 42.44 ms, found 1 plugins.
Preloading 0 native plugins for Editor in 0.00 ms.
Invoked RoslynAnalysisRunner static constructor.
RoslynAnalysisRunner will not be running.
RoslynAnalysisRunner has terminated.
Mono: successfully reloaded assembly
- Completed reload, in  1.577 seconds
Platform modules already initialized, skipping
Registering precompiled user dll's ...
Registered in 0.000810 seconds.
Begin MonoManager ReloadAssembly
Native extension for WindowsStandalone target not found
Native extension for WebGL target not found
Refreshing native plugins compatible for Editor in 70.18 ms, found 1 plugins.
Preloading 0 native plugins for Editor in 0.00 ms.
Invoked RoslynAnalysisRunner static constructor.
RoslynAnalysisRunner will not be running.
RoslynAnalysisRunner has terminated.
Mono: successfully reloaded assembly
- Completed reload, in  1.276 seconds
Platform modules already initialized, skipping
========================================================================
Worker process is ready to serve import requests
Launched and connected shader compiler UnityShaderCompiler.exe after 0.09 seconds
Refreshing native plugins compatible for Editor in 0.43 ms, found 1 plugins.
Preloading 0 native plugins for Editor in 0.00 ms.
Unloading 1814 Unused Serialized files (Serialized files now loaded: 0)
System memory in use before: 85.0 MB.
System memory in use after: 85.0 MB.

Unloading 24 unused Assets to reduce memory usage. Loaded Objects now: 2257.
Total: 2.920700 ms (FindLiveObjects: 0.334700 ms CreateObjectMapping: 0.087900 ms MarkObjects: 2.345700 ms  DeleteObjects: 0.150600 ms)

========================================================================
Received Import Request.
  path: Assets/Scenes
  artifactKey: Guid(f74216d66f488cf47bcb6406c98c9164) Importer(815301076,1909f56bfc062723c751e8b465ee728b)
Start importing Assets/Scenes using Guid(f74216d66f488cf47bcb6406c98c9164) Importer(815301076,1909f56bfc062723c751e8b465ee728b)  -> (artifact id: '1e48cb0c4a4c1f4fcdcc38b3485e77bc') in 0.019444 seconds
  Import took 0.030062 seconds .

========================================================================
Received Import Request.
  Time since last request: 13.406555 seconds.
  path: Assets/Scenes/Level3.unity
  artifactKey: Guid(2ad1501ffb70a8447861898b6d99ac63) Importer(815301076,1909f56bfc062723c751e8b465ee728b)
Start importing Assets/Scenes/Level3.unity using Guid(2ad1501ffb70a8447861898b6d99ac63) Importer(815301076,1909f56bfc062723c751e8b465ee728b)  -> (artifact id: 'c3aace4f6a2ed6f8048d7f2991c6121e') in 0.033156 seconds
  Import took 0.041763 seconds .

========================================================================
Received Import Request.
  Time since last request: 14.374778 seconds.
  path: Assets/Scenes/Level2.unity
  artifactKey: Guid(af06cef682600cd46ab13d50d20dbb47) Importer(815301076,1909f56bfc062723c751e8b465ee728b)
Start importing Assets/Scenes/Level2.unity using Guid(af06cef682600cd46ab13d50d20dbb47) Importer(815301076,1909f56bfc062723c751e8b465ee728b)  -> (artifact id: '5db01fd05b51aae4f0bd728aea6d2fcc') in 0.010789 seconds
  Import took 0.016097 seconds .

========================================================================
Received Import Request.
  Time since last request: 3.852063 seconds.
  path: Assets/Scenes/Level3.unity
  artifactKey: Guid(2ad1501ffb70a8447861898b6d99ac63) Importer(815301076,1909f56bfc062723c751e8b465ee728b)
Start importing Assets/Scenes/Level3.unity using Guid(2ad1501ffb70a8447861898b6d99ac63) Importer(815301076,1909f56bfc062723c751e8b465ee728b)  -> (artifact id: '6ee8df06288b49bd6849581008688593') in 0.007005 seconds
  Import took 0.011867 seconds .

========================================================================
Received Import Request.
  Time since last request: 13.158998 seconds.
  path: Assets/Scenes/Level3.unity
  artifactKey: Guid(2ad1501ffb70a8447861898b6d99ac63) Importer(815301076,1909f56bfc062723c751e8b465ee728b)
Start importing Assets/Scenes/Level3.unity using Guid(2ad1501ffb70a8447861898b6d99ac63) Importer(815301076,1909f56bfc062723c751e8b465ee728b)  -> (artifact id: '357a930957b711d33249399d4c4cd53b') in 0.003296 seconds
  Import took 0.008115 seconds .

========================================================================
Received Import Request.
  Time since last request: 21.617914 seconds.
  path: Assets/Scenes/Level3.unity
  artifactKey: Guid(2ad1501ffb70a8447861898b6d99ac63) Importer(815301076,1909f56bfc062723c751e8b465ee728b)
Start importing Assets/Scenes/Level3.unity using Guid(2ad1501ffb70a8447861898b6d99ac63) Importer(815301076,1909f56bfc062723c751e8b465ee728b)  -> (artifact id: '485fd224a2f71e59d896757a0e2b5678') in 0.004441 seconds
  Import took 0.009052 seconds .

========================================================================
Received Import Request.
  Time since last request: 128.547023 seconds.
  path: Assets/Scenes/Level3.unity
  artifactKey: Guid(2ad1501ffb70a8447861898b6d99ac63) Importer(815301076,1909f56bfc062723c751e8b465ee728b)
Start importing Assets/Scenes/Level3.unity using Guid(2ad1501ffb70a8447861898b6d99ac63) Importer(815301076,1909f56bfc062723c751e8b465ee728b)  -> (artifact id: '1038fd0016c8dc19610cd3fa47dacc5e') in 0.004237 seconds
  Import took 0.008993 seconds .

========================================================================
Received Import Request.
  Time since last request: 36.550387 seconds.
  path: Assets/Scenes/Level3.unity
  artifactKey: Guid(2ad1501ffb70a8447861898b6d99ac63) Importer(815301076,1909f56bfc062723c751e8b465ee728b)
Start importing Assets/Scenes/Level3.unity using Guid(2ad1501ffb70a8447861898b6d99ac63) Importer(815301076,1909f56bfc062723c751e8b465ee728b)  -> (artifact id: '8618bd68597c7f5b11bb632d8ae3f5fc') in 0.004763 seconds
  Import took 0.012125 seconds .

========================================================================
Received Import Request.
  Time since last request: 188.757986 seconds.
  path: Assets/Scenes/Level3.unity
  artifactKey: Guid(2ad1501ffb70a8447861898b6d99ac63) Importer(815301076,1909f56bfc062723c751e8b465ee728b)
Start importing Assets/Scenes/Level3.unity using Guid(2ad1501ffb70a8447861898b6d99ac63) Importer(815301076,1909f56bfc062723c751e8b465ee728b)  -> (artifact id: '31c492d21f2d9a03536c6d3e6ca6f182') in 0.005594 seconds
  Import took 0.011303 seconds .

========================================================================
Received Import Request.
  Time since last request: 125.592342 seconds.
  path: Assets/Scenes/Level3.unity
  artifactKey: Guid(2ad1501ffb70a8447861898b6d99ac63) Importer(815301076,1909f56bfc062723c751e8b465ee728b)
Start importing Assets/Scenes/Level3.unity using Guid(2ad1501ffb70a8447861898b6d99ac63) Importer(815301076,1909f56bfc062723c751e8b465ee728b)  -> (artifact id: '67fbc21c940f5957b78c5c59ce0c7969') in 0.004995 seconds
  Import took 0.010204 seconds .

========================================================================
Received Import Request.
  Time since last request: 525.052895 seconds.
  path: Assets/Scenes/Level3.unity
  artifactKey: Guid(2ad1501ffb70a8447861898b6d99ac63) Importer(815301076,1909f56bfc062723c751e8b465ee728b)
Start importing Assets/Scenes/Level3.unity using Guid(2ad1501ffb70a8447861898b6d99ac63) Importer(815301076,1909f56bfc062723c751e8b465ee728b)  -> (artifact id: 'fe90847dce558ecb9e7ec6d1308ff4c5') in 0.004274 seconds
  Import took 0.009222 seconds .

========================================================================
Received Import Request.
  Time since last request: 4475.423074 seconds.
  path: Assets/Scenes/Level3.unity
  artifactKey: Guid(2ad1501ffb70a8447861898b6d99ac63) Importer(815301076,1909f56bfc062723c751e8b465ee728b)
Start importing Assets/Scenes/Level3.unity using Guid(2ad1501ffb70a8447861898b6d99ac63) Importer(815301076,1909f56bfc062723c751e8b465ee728b)  -> (artifact id: 'ade9446f1bb5ea0b8037dcac7a65bae7') in 0.014625 seconds
  Import took 0.045653 seconds .

========================================================================
Received Import Request.
  Time since last request: 50.495542 seconds.
  path: Assets/Scenes/Level3.unity
  artifactKey: Guid(2ad1501ffb70a8447861898b6d99ac63) Importer(815301076,1909f56bfc062723c751e8b465ee728b)
Start importing Assets/Scenes/Level3.unity using Guid(2ad1501ffb70a8447861898b6d99ac63) Importer(815301076,1909f56bfc062723c751e8b465ee728b)  -> (artifact id: 'cf84299508d38bc77031e04808d1520c') in 0.005302 seconds
  Import took 0.011924 seconds .

========================================================================
Received Import Request.
  Time since last request: 11.634537 seconds.
  path: Assets/Scenes/Level1.unity
  artifactKey: Guid(d281b34589d3b024c995919961928720) Importer(815301076,1909f56bfc062723c751e8b465ee728b)
Start importing Assets/Scenes/Level1.unity using Guid(d281b34589d3b024c995919961928720) Importer(815301076,1909f56bfc062723c751e8b465ee728b)  -> (artifact id: 'a492d21f0849d69512eca4c77cd58293') in 0.029010 seconds
  Import took 0.042656 seconds .

========================================================================
Received Import Request.
  Time since last request: 189.013854 seconds.
  path: Assets/Scenes/Level3.unity
  artifactKey: Guid(2ad1501ffb70a8447861898b6d99ac63) Importer(815301076,1909f56bfc062723c751e8b465ee728b)
Start importing Assets/Scenes/Level3.unity using Guid(2ad1501ffb70a8447861898b6d99ac63) Importer(815301076,1909f56bfc062723c751e8b465ee728b)  -> (artifact id: '0ef54750321d6ef61c60831cdd4c97cc') in 0.004080 seconds
  Import took 0.010679 seconds .

========================================================================
Received Import Request.
  Time since last request: 101.994493 seconds.
  path: Assets/Scenes/Level3.unity
  artifactKey: Guid(2ad1501ffb70a8447861898b6d99ac63) Importer(815301076,1909f56bfc062723c751e8b465ee728b)
Start importing Assets/Scenes/Level3.unity using Guid(2ad1501ffb70a8447861898b6d99ac63) Importer(815301076,1909f56bfc062723c751e8b465ee728b)  -> (artifact id: 'a45f91529c2f89b36d0799ec3c74ba65') in 0.004348 seconds
  Import took 0.010174 seconds .

========================================================================
Received Import Request.
  Time since last request: 385.671582 seconds.
  path: Assets/Scenes/Level3.unity
  artifactKey: Guid(2ad1501ffb70a8447861898b6d99ac63) Importer(815301076,1909f56bfc062723c751e8b465ee728b)
Start importing Assets/Scenes/Level3.unity using Guid(2ad1501ffb70a8447861898b6d99ac63) Importer(815301076,1909f56bfc062723c751e8b465ee728b)  -> (artifact id: '1082e3565874a4140a22475892cab2f5') in 0.014830 seconds
  Import took 0.020521 seconds .

========================================================================
Received Import Request.
  Time since last request: 0.000651 seconds.
  path: Assets/Scenes/Level3.unity
  artifactKey: Guid(2ad1501ffb70a8447861898b6d99ac63) Importer(815301076,1909f56bfc062723c751e8b465ee728b)
Start importing Assets/Scenes/Level3.unity using Guid(2ad1501ffb70a8447861898b6d99ac63) Importer(815301076,1909f56bfc062723c751e8b465ee728b)  -> (artifact id: '1082e3565874a4140a22475892cab2f5') in 0.005746 seconds
  Import took 0.010997 seconds .

AssetImportWorkerClient::OnTransportError - code=2 error=End of file
